The system is: Linux - 3.16.4-1-ARCH - x86_64
Compiling the CXX compiler identification source file "CMakeCXXCompilerId.cpp" succeeded.
Compiler: /usr/bin/c++ 
Build flags: 
Id flags: 

The output was:
0


Compilation of the CXX compiler identification source "CMakeCXXCompilerId.cpp" produced "a.out"

The CXX compiler identification is GNU, found in "/home/arthur/Dropbox/Fac/DPS/life-after-earth-3/build/CMakeFiles/3.0.2/CompilerIdCXX/a.out"

Determining if the CXX compiler works passed with the following output:
Change Dir: /home/arthur/Dropbox/Fac/DPS/life-after-earth-3/build/CMakeFiles/CMakeTmp

Run Build Command:"/usr/bin/make" "cmTryCompileExec2786092665/fast"
/usr/bin/make -f CMakeFiles/cmTryCompileExec2786092665.dir/build.make CMakeFiles/cmTryCompileExec2786092665.dir/build
make[1]: Entering directory '/home/arthur/Dropbox/Fac/DPS/life-after-earth-3/build/CMakeFiles/CMakeTmp'
/usr/bin/cmake -E cmake_progress_report /home/arthur/Dropbox/Fac/DPS/life-after-earth-3/build/CMakeFiles/CMakeTmp/CMakeFiles 1
Building CXX object CMakeFiles/cmTryCompileExec2786092665.dir/testCXXCompiler.cxx.o
/usr/bin/c++     -o CMakeFiles/cmTryCompileExec2786092665.dir/testCXXCompiler.cxx.o -c /home/arthur/Dropbox/Fac/DPS/life-after-earth-3/build/CMakeFiles/CMakeTmp/testCXXCompiler.cxx
Linking CXX executable cmTryCompileExec2786092665
/usr/bin/cmake -E cmake_link_script CMakeFiles/cmTryCompileExec2786092665.dir/link.txt --verbose=1
/usr/bin/c++        CMakeFiles/cmTryCompileExec2786092665.dir/testCXXCompiler.cxx.o  -o cmTryCompileExec2786092665 -rdynamic 
make[1]: Leaving directory '/home/arthur/Dropbox/Fac/DPS/life-after-earth-3/build/CMakeFiles/CMakeTmp'


Detecting CXX compiler ABI info compiled with the following output:
Change Dir: /home/arthur/Dropbox/Fac/DPS/life-after-earth-3/build/CMakeFiles/CMakeTmp

Run Build Command:"/usr/bin/make" "cmTryCompileExec1174003542/fast"
/usr/bin/make -f CMakeFiles/cmTryCompileExec1174003542.dir/build.make CMakeFiles/cmTryCompileExec1174003542.dir/build
make[1]: Entering directory '/home/arthur/Dropbox/Fac/DPS/life-after-earth-3/build/CMakeFiles/CMakeTmp'
/usr/bin/cmake -E cmake_progress_report /home/arthur/Dropbox/Fac/DPS/life-after-earth-3/build/CMakeFiles/CMakeTmp/CMakeFiles 1
Building CXX object CMakeFiles/cmTryCompileExec1174003542.dir/CMakeCXXCompilerABI.cpp.o
/usr/bin/c++     -o CMakeFiles/cmTryCompileExec1174003542.dir/CMakeCXXCompilerABI.cpp.o -c /usr/share/cmake-3.0/Modules/CMakeCXXCompilerABI.cpp
Linking CXX executable cmTryCompileExec1174003542
/usr/bin/cmake -E cmake_link_script CMakeFiles/cmTryCompileExec1174003542.dir/link.txt --verbose=1
/usr/bin/c++      -v CMakeFiles/cmTryCompileExec1174003542.dir/CMakeCXXCompilerABI.cpp.o  -o cmTryCompileExec1174003542 -rdynamic  
Utilisation des specs internes.
COLLECT_GCC=/usr/bin/c++
COLLECT_LTO_WRAPPER=/usr/lib/gcc/x86_64-unknown-linux-gnu/4.9.1/lto-wrapper
Target: x86_64-unknown-linux-gnu
Configuré avec: /build/gcc/src/gcc-4.9-20140903/configure --prefix=/usr --libdir=/usr/lib --libexecdir=/usr/lib --mandir=/usr/share/man --infodir=/usr/share/info --with-bugurl=https://bugs.archlinux.org/ --enable-languages=c,c++,ada,fortran,go,lto,objc,obj-c++ --enable-shared --enable-threads=posix --with-system-zlib --enable-__cxa_atexit --disable-libunwind-exceptions --enable-clocale=gnu --disable-libstdcxx-pch --disable-libssp --enable-gnu-unique-object --enable-linker-build-id --enable-cloog-backend=isl --disable-isl-version-check --disable-cloog-version-check --enable-lto --enable-plugin --enable-install-libiberty --with-linker-hash-style=gnu --disable-multilib --disable-werror --enable-checking=release
Modèle de thread: posix
gcc version 4.9.1 20140903 (prerelease) (GCC) 
COMPILER_PATH=/usr/lib/gcc/x86_64-unknown-linux-gnu/4.9.1/:/usr/lib/gcc/x86_64-unknown-linux-gnu/4.9.1/:/usr/lib/gcc/x86_64-unknown-linux-gnu/:/usr/lib/gcc/x86_64-unknown-linux-gnu/4.9.1/:/usr/lib/gcc/x86_64-unknown-linux-gnu/
LIBRARY_PATH=/usr/lib/gcc/x86_64-unknown-linux-gnu/4.9.1/:/usr/lib/gcc/x86_64-unknown-linux-gnu/4.9.1/../../../../lib/:/lib/../lib/:/usr/lib/../lib/:/usr/lib/gcc/x86_64-unknown-linux-gnu/4.9.1/../../../:/lib/:/usr/lib/
COLLECT_GCC_OPTIONS='-v' '-o' 'cmTryCompileExec1174003542' '-rdynamic' '-shared-libgcc' '-mtune=generic' '-march=x86-64'
 /usr/lib/gcc/x86_64-unknown-linux-gnu/4.9.1/collect2 -plugin /usr/lib/gcc/x86_64-unknown-linux-gnu/4.9.1/liblto_plugin.so -plugin-opt=/usr/lib/gcc/x86_64-unknown-linux-gnu/4.9.1/lto-wrapper -plugin-opt=-fresolution=/tmp/ccHkwnHy.res -plugin-opt=-pass-through=-lgcc_s -plugin-opt=-pass-through=-lgcc -plugin-opt=-pass-through=-lc -plugin-opt=-pass-through=-lgcc_s -plugin-opt=-pass-through=-lgcc --build-id --eh-frame-hdr --hash-style=gnu -m elf_x86_64 -export-dynamic -dynamic-linker /lib64/ld-linux-x86-64.so.2 -o cmTryCompileExec1174003542 /usr/lib/gcc/x86_64-unknown-linux-gnu/4.9.1/../../../../lib/crt1.o /usr/lib/gcc/x86_64-unknown-linux-gnu/4.9.1/../../../../lib/crti.o /usr/lib/gcc/x86_64-unknown-linux-gnu/4.9.1/crtbegin.o -L/usr/lib/gcc/x86_64-unknown-linux-gnu/4.9.1 -L/usr/lib/gcc/x86_64-unknown-linux-gnu/4.9.1/../../../../lib -L/lib/../lib -L/usr/lib/../lib -L/usr/lib/gcc/x86_64-unknown-linux-gnu/4.9.1/../../.. CMakeFiles/cmTryCompileExec1174003542.dir/CMakeCXXCompilerABI.cpp.o -lstdc++ -lm -lgcc_s -lgcc -lc -lgcc_s -lgcc /usr/lib/gcc/x86_64-unknown-linux-gnu/4.9.1/crtend.o /usr/lib/gcc/x86_64-unknown-linux-gnu/4.9.1/../../../../lib/crtn.o
make[1]: Leaving directory '/home/arthur/Dropbox/Fac/DPS/life-after-earth-3/build/CMakeFiles/CMakeTmp'


Parsed CXX implicit link information from above output:
  link line regex: [^( *|.*[/\])(ld|([^/\]+-)?ld|collect2)[^/\]*( |$)]
  ignore line: [Change Dir: /home/arthur/Dropbox/Fac/DPS/life-after-earth-3/build/CMakeFiles/CMakeTmp]
  ignore line: []
  ignore line: [Run Build Command:"/usr/bin/make" "cmTryCompileExec1174003542/fast"]
  ignore line: [/usr/bin/make -f CMakeFiles/cmTryCompileExec1174003542.dir/build.make CMakeFiles/cmTryCompileExec1174003542.dir/build]
  ignore line: [make[1]: Entering directory '/home/arthur/Dropbox/Fac/DPS/life-after-earth-3/build/CMakeFiles/CMakeTmp']
  ignore line: [/usr/bin/cmake -E cmake_progress_report /home/arthur/Dropbox/Fac/DPS/life-after-earth-3/build/CMakeFiles/CMakeTmp/CMakeFiles 1]
  ignore line: [Building CXX object CMakeFiles/cmTryCompileExec1174003542.dir/CMakeCXXCompilerABI.cpp.o]
  ignore line: [/usr/bin/c++     -o CMakeFiles/cmTryCompileExec1174003542.dir/CMakeCXXCompilerABI.cpp.o -c /usr/share/cmake-3.0/Modules/CMakeCXXCompilerABI.cpp]
  ignore line: [Linking CXX executable cmTryCompileExec1174003542]
  ignore line: [/usr/bin/cmake -E cmake_link_script CMakeFiles/cmTryCompileExec1174003542.dir/link.txt --verbose=1]
  ignore line: [/usr/bin/c++      -v CMakeFiles/cmTryCompileExec1174003542.dir/CMakeCXXCompilerABI.cpp.o  -o cmTryCompileExec1174003542 -rdynamic  ]
  ignore line: [Utilisation des specs internes.]
  ignore line: [COLLECT_GCC=/usr/bin/c++]
  ignore line: [COLLECT_LTO_WRAPPER=/usr/lib/gcc/x86_64-unknown-linux-gnu/4.9.1/lto-wrapper]
  ignore line: [Target: x86_64-unknown-linux-gnu]
  ignore line: [Configuré avec: /build/gcc/src/gcc-4.9-20140903/configure --prefix=/usr --libdir=/usr/lib --libexecdir=/usr/lib --mandir=/usr/share/man --infodir=/usr/share/info --with-bugurl=https://bugs.archlinux.org/ --enable-languages=c,c++,ada,fortran,go,lto,objc,obj-c++ --enable-shared --enable-threads=posix --with-system-zlib --enable-__cxa_atexit --disable-libunwind-exceptions --enable-clocale=gnu --disable-libstdcxx-pch --disable-libssp --enable-gnu-unique-object --enable-linker-build-id --enable-cloog-backend=isl --disable-isl-version-check --disable-cloog-version-check --enable-lto --enable-plugin --enable-install-libiberty --with-linker-hash-style=gnu --disable-multilib --disable-werror --enable-checking=release]
  ignore line: [Modèle de thread: posix]
  ignore line: [gcc version 4.9.1 20140903 (prerelease) (GCC) ]
  ignore line: [COMPILER_PATH=/usr/lib/gcc/x86_64-unknown-linux-gnu/4.9.1/:/usr/lib/gcc/x86_64-unknown-linux-gnu/4.9.1/:/usr/lib/gcc/x86_64-unknown-linux-gnu/:/usr/lib/gcc/x86_64-unknown-linux-gnu/4.9.1/:/usr/lib/gcc/x86_64-unknown-linux-gnu/]
  ignore line: [LIBRARY_PATH=/usr/lib/gcc/x86_64-unknown-linux-gnu/4.9.1/:/usr/lib/gcc/x86_64-unknown-linux-gnu/4.9.1/../../../../lib/:/lib/../lib/:/usr/lib/../lib/:/usr/lib/gcc/x86_64-unknown-linux-gnu/4.9.1/../../../:/lib/:/usr/lib/]
  ignore line: [COLLECT_GCC_OPTIONS='-v' '-o' 'cmTryCompileExec1174003542' '-rdynamic' '-shared-libgcc' '-mtune=generic' '-march=x86-64']
  link line: [ /usr/lib/gcc/x86_64-unknown-linux-gnu/4.9.1/collect2 -plugin /usr/lib/gcc/x86_64-unknown-linux-gnu/4.9.1/liblto_plugin.so -plugin-opt=/usr/lib/gcc/x86_64-unknown-linux-gnu/4.9.1/lto-wrapper -plugin-opt=-fresolution=/tmp/ccHkwnHy.res -plugin-opt=-pass-through=-lgcc_s -plugin-opt=-pass-through=-lgcc -plugin-opt=-pass-through=-lc -plugin-opt=-pass-through=-lgcc_s -plugin-opt=-pass-through=-lgcc --build-id --eh-frame-hdr --hash-style=gnu -m elf_x86_64 -export-dynamic -dynamic-linker /lib64/ld-linux-x86-64.so.2 -o cmTryCompileExec1174003542 /usr/lib/gcc/x86_64-unknown-linux-gnu/4.9.1/../../../../lib/crt1.o /usr/lib/gcc/x86_64-unknown-linux-gnu/4.9.1/../../../../lib/crti.o /usr/lib/gcc/x86_64-unknown-linux-gnu/4.9.1/crtbegin.o -L/usr/lib/gcc/x86_64-unknown-linux-gnu/4.9.1 -L/usr/lib/gcc/x86_64-unknown-linux-gnu/4.9.1/../../../../lib -L/lib/../lib -L/usr/lib/../lib -L/usr/lib/gcc/x86_64-unknown-linux-gnu/4.9.1/../../.. CMakeFiles/cmTryCompileExec1174003542.dir/CMakeCXXCompilerABI.cpp.o -lstdc++ -lm -lgcc_s -lgcc -lc -lgcc_s -lgcc /usr/lib/gcc/x86_64-unknown-linux-gnu/4.9.1/crtend.o /usr/lib/gcc/x86_64-unknown-linux-gnu/4.9.1/../../../../lib/crtn.o]
    arg [/usr/lib/gcc/x86_64-unknown-linux-gnu/4.9.1/collect2] ==> ignore
    arg [-plugin] ==> ignore
    arg [/usr/lib/gcc/x86_64-unknown-linux-gnu/4.9.1/liblto_plugin.so] ==> ignore
    arg [-plugin-opt=/usr/lib/gcc/x86_64-unknown-linux-gnu/4.9.1/lto-wrapper] ==> ignore
    arg [-plugin-opt=-fresolution=/tmp/ccHkwnHy.res] ==> ignore
    arg [-plugin-opt=-pass-through=-lgcc_s] ==> ignore
    arg [-plugin-opt=-pass-through=-lgcc] ==> ignore
    arg [-plugin-opt=-pass-through=-lc] ==> ignore
    arg [-plugin-opt=-pass-through=-lgcc_s] ==> ignore
    arg [-plugin-opt=-pass-through=-lgcc] ==> ignore
    arg [--build-id] ==> ignore
    arg [--eh-frame-hdr] ==> ignore
    arg [--hash-style=gnu] ==> ignore
    arg [-m] ==> ignore
    arg [elf_x86_64] ==> ignore
    arg [-export-dynamic] ==> ignore
    arg [-dynamic-linker] ==> ignore
    arg [/lib64/ld-linux-x86-64.so.2] ==> ignore
    arg [-o] ==> ignore
    arg [cmTryCompileExec1174003542] ==> ignore
    arg [/usr/lib/gcc/x86_64-unknown-linux-gnu/4.9.1/../../../../lib/crt1.o] ==> ignore
    arg [/usr/lib/gcc/x86_64-unknown-linux-gnu/4.9.1/../../../../lib/crti.o] ==> ignore
    arg [/usr/lib/gcc/x86_64-unknown-linux-gnu/4.9.1/crtbegin.o] ==> ignore
    arg [-L/usr/lib/gcc/x86_64-unknown-linux-gnu/4.9.1] ==> dir [/usr/lib/gcc/x86_64-unknown-linux-gnu/4.9.1]
    arg [-L/usr/lib/gcc/x86_64-unknown-linux-gnu/4.9.1/../../../../lib] ==> dir [/usr/lib/gcc/x86_64-unknown-linux-gnu/4.9.1/../../../../lib]
    arg [-L/lib/../lib] ==> dir [/lib/../lib]
    arg [-L/usr/lib/../lib] ==> dir [/usr/lib/../lib]
    arg [-L/usr/lib/gcc/x86_64-unknown-linux-gnu/4.9.1/../../..] ==> dir [/usr/lib/gcc/x86_64-unknown-linux-gnu/4.9.1/../../..]
    arg [CMakeFiles/cmTryCompileExec1174003542.dir/CMakeCXXCompilerABI.cpp.o] ==> ignore
    arg [-lstdc++] ==> lib [stdc++]
    arg [-lm] ==> lib [m]
    arg [-lgcc_s] ==> lib [gcc_s]
    arg [-lgcc] ==> lib [gcc]
    arg [-lc] ==> lib [c]
    arg [-lgcc_s] ==> lib [gcc_s]
    arg [-lgcc] ==> lib [gcc]
    arg [/usr/lib/gcc/x86_64-unknown-linux-gnu/4.9.1/crtend.o] ==> ignore
    arg [/usr/lib/gcc/x86_64-unknown-linux-gnu/4.9.1/../../../../lib/crtn.o] ==> ignore
  remove lib [gcc_s]
  remove lib [gcc]
  remove lib [gcc_s]
  remove lib [gcc]
  collapse library dir [/usr/lib/gcc/x86_64-unknown-linux-gnu/4.9.1] ==> [/usr/lib/gcc/x86_64-unknown-linux-gnu/4.9.1]
  collapse library dir [/usr/lib/gcc/x86_64-unknown-linux-gnu/4.9.1/../../../../lib] ==> [/usr/lib]
  collapse library dir [/lib/../lib] ==> [/lib]
  collapse library dir [/usr/lib/../lib] ==> [/usr/lib]
  collapse library dir [/usr/lib/gcc/x86_64-unknown-linux-gnu/4.9.1/../../..] ==> [/usr/lib]
  implicit libs: [stdc++;m;c]
  implicit dirs: [/usr/lib/gcc/x86_64-unknown-linux-gnu/4.9.1;/usr/lib;/lib]
  implicit fwks: []


